<?xml version="1.0" encoding="UTF-8"?>
<!-- Generated by org.testng.reporters.JUnitXMLReporter -->
<testsuite hostname="qaint" ignored="0" name="testinqa" tests="6" failures="0" timestamp="27 Apr 2020 22:39:46 GMT" time="46.63" errors="0">
  <testcase name="switchYear" time="7.579" classname="clo.AccountSettings"/>
  <testcase name="changePasswordCancel" time="3.976" classname="clo.AccountSettings"/>
  <testcase name="toggleTrainingMode" time="3.279" classname="clo.AccountSettings"/>
  <testcase name="toggleTrainingModeOff" time="3.297" classname="clo.AccountSettings"/>
  <testcase name="captureSignature" time="7.234" classname="clo.AccountSettings"/>
  <testcase name="loginSettings" time="1.547" classname="clo.AccountSettings"/>
</testsuite> <!-- testinqa -->
