<?xml version="1.0" encoding="UTF-8"?>
<!-- Generated by org.testng.reporters.JUnitXMLReporter -->
<testsuite hostname="qaint" ignored="0" name="testinqa" tests="7" failures="2" timestamp="01 Aug 2019 15:58:16 GMT" time="51.606" errors="0">
  <testcase name="switchYear" time="20.552" classname="clo.AccountSettings"/>
  <testcase name="changePassword" time="4.965" classname="clo.AccountSettings"/>
  <testcase name="changePasswordCancel" time="4.232" classname="clo.AccountSettings"/>
  <testcase name="toggleTrainingMode" time="0.0" classname="clo.AccountSettings">
    <failure type="org.testng.TestNGException" message="
Cannot inject @Test annotated Method [toggleTrainingMode] with [interface org.openqa.selenium.WebDriver].
For more information on native dependency injection please refer to http://testng.org/doc/documentation-main.html#native-dependency-injection">
      <![CDATA[org.testng.TestNGException: 
Cannot inject @Test annotated Method [toggleTrainingMode] with [interface org.openqa.selenium.WebDriver].
For more information on native dependency injection please refer to http://testng.org/doc/documentation-main.html#native-dependency-injection
... Removed 24 stack frames]]>
    </failure>
  </testcase> <!-- toggleTrainingMode -->
  <testcase name="toggleTrainingModeOff" time="0.0" classname="clo.AccountSettings">
    <failure type="org.testng.TestNGException" message="
Cannot inject @Test annotated Method [toggleTrainingModeOff] with [interface org.openqa.selenium.WebDriver].
For more information on native dependency injection please refer to http://testng.org/doc/documentation-main.html#native-dependency-injection">
      <![CDATA[org.testng.TestNGException: 
Cannot inject @Test annotated Method [toggleTrainingModeOff] with [interface org.openqa.selenium.WebDriver].
For more information on native dependency injection please refer to http://testng.org/doc/documentation-main.html#native-dependency-injection
... Removed 24 stack frames]]>
    </failure>
  </testcase> <!-- toggleTrainingModeOff -->
  <testcase name="captureSignature" time="6.911" classname="clo.AccountSettings"/>
  <testcase name="loginSettings" time="12.167" classname="clo.AccountSettings"/>
</testsuite> <!-- testinqa -->
