<?xml version="1.0" encoding="UTF-8"?>
<!-- Generated by org.testng.reporters.JUnitXMLReporter -->
<testsuite ignored="0" hostname="CA2-WV-QA06" failures="0" tests="1" name="testinprod" time="0.082" errors="0" timestamp="2024-02-16T12:41:00 PST">
  <testcase classname="clo.AddaNewReturn" name="@BeforeMethod login" time="0.011">
    <failure type="java.lang.NullPointerException" message="Cannot invoke &amp;quot;org.openqa.selenium.WebDriver.manage()&amp;quot; because &amp;quot;resources.Base.driver&amp;quot; is null">
      <![CDATA[java.lang.NullPointerException: Cannot invoke "org.openqa.selenium.WebDriver.manage()" because "resources.Base.driver" is null
at resources.Base.invokeBrowser(Base.java:120)
at clo.AddaNewReturn.login(AddaNewReturn.java:452)
at java.base/java.util.ArrayList.forEach(ArrayList.java:1511)
... Removed 31 stack frames]]>
    </failure>
  </testcase> <!-- @BeforeMethod login -->
  <testcase classname="clo.AddaNewReturn" name="devaddaReturn" time="0.0">
    <skipped/>
  </testcase> <!-- devaddaReturn -->
</testsuite> <!-- testinprod -->
