<?xml version="1.0" encoding="UTF-8"?>
<!-- Generated by org.testng.reporters.JUnitXMLReporter -->
<testsuite hostname="qaint" ignored="0" name="LOGIN PAGE" tests="6" failures="0" timestamp="07 Aug 2020 18:39:25 GMT" time="25.467" errors="0">
  <testcase name="dbAddCity" time="2.974" classname="clo.DatabaseSettings"/>
  <testcase name="dbEditCity" time="1.613" classname="clo.DatabaseSettings"/>
  <testcase name="dbDeleteCity" time="2.324" classname="clo.DatabaseSettings"/>
  <testcase name="dbaddSiteIdentifiers" time="1.463" classname="clo.DatabaseSettings"/>
  <testcase name="dbeditSiteIdentifiers" time="1.424" classname="clo.DatabaseSettings"/>
  <testcase name="dbdeleteSiteIdentifiers" time="2.284" classname="clo.DatabaseSettings"/>
</testsuite> <!-- LOGIN PAGE -->
