<?xml version="1.0" encoding="UTF-8"?>
<!-- Generated by org.testng.reporters.JUnitXMLReporter -->
<testsuite hostname="qaint" ignored="0" name="QA-REFUNDCALCRETURN" tests="6" failures="0" timestamp="10 Mar 2020 16:28:20 GMT" time="383.692" errors="0">
  <testcase name="addaReturn" time="113.611" classname="clo.AddaNewReturn"/>
  <testcase name="bankAppReturnfor333" time="58.631" classname="clo.AddaNewReturn"/>
  <testcase name="interviewModeReturn" time="53.561" classname="clo.AddaNewReturn"/>
  <testcase name="refundCalcReturn" time="41.714" classname="clo.AddaNewReturn"/>
  <testcase name="trainingModeReturn" time="46.032" classname="clo.AddaNewReturn"/>
  <testcase name="complexRefundcalcReturn" time="16.929" classname="clo.RefundCalcReturn"/>
</testsuite> <!-- QA-REFUNDCALCRETURN -->
