<?xml version="1.0" encoding="UTF-8"?>
<!-- Generated by org.testng.reporters.JUnitXMLReporter -->
<testsuite hostname="qaint" ignored="0" name="testinqa" tests="4" failures="0" timestamp="15 Jul 2019 20:35:50 GMT" time="103.402" errors="0">
  <testcase name="addareturn" time="39.457" classname="clo.AddaNewReturn"/>
  <testcase name="scheduleC" time="25.493" classname="clo.AddaNewReturn"/>
  <testcase name="scheduleE" time="11.775" classname="clo.AddaNewReturn"/>
  <testcase name="frm1099_MISC" time="8.31" classname="clo.AddaNewReturn"/>
</testsuite> <!-- testinqa -->
