<?xml version="1.0" encoding="UTF-8"?>
<!-- Generated by org.testng.reporters.JUnitXMLReporter -->
<testsuite hostname="qaint" ignored="2" name="testinqa1" tests="43" failures="0" timestamp="06 Aug 2019 18:06:13 GMT" time="218.585" errors="0">
  <testcase name="loginPositive" time="10.024" classname="clo.LoginPage"/>
  <testcase name="createNewAppointment" time="15.416" classname="clo.LoginPage"/>
  <testcase name="createApptSameTime" time="9.785" classname="clo.LoginPage"/>
  <testcase name="updateAppointment" time="6.853" classname="clo.LoginPage"/>
  <testcase name="deleteAppointment" time="1.276" classname="clo.LoginPage"/>
  <testcase name="deleteSecondAppointment" time="0.14" classname="clo.LoginPage"/>
  <testcase name="newMessageSent" time="5.411" classname="clo.LoginPage"/>
  <testcase name="newMessageReply" time="4.304" classname="clo.LoginPage"/>
  <testcase name="deleteMessage" time="2.39" classname="clo.LoginPage"/>
  <testcase name="checksReadyToPrint" time="5.284" classname="clo.LoginPage"/>
  <testcase name="checksRegister" time="6.62" classname="clo.LoginPage"/>
  <testcase name="voidCheck" time="2.537" classname="clo.LoginPage"/>
  <testcase name="switchYear" time="25.527" classname="clo.AccountSettings"/>
  <testcase name="changePassword" time="4.433" classname="clo.AccountSettings"/>
  <testcase name="changePasswordCancel" time="4.235" classname="clo.AccountSettings"/>
  <testcase name="toggleTrainingMode" time="3.269" classname="clo.AccountSettings"/>
  <testcase name="toggleTrainingModeOff" time="3.3" classname="clo.AccountSettings"/>
  <testcase name="captureSignature" time="7.126" classname="clo.AccountSettings"/>
  <testcase name="loginSettings" time="2.638" classname="clo.AccountSettings"/>
  <testcase name="dbAddCity" time="18.212" classname="clo.DatabaseSettings"/>
  <testcase name="dbEditCity" time="2.489" classname="clo.DatabaseSettings"/>
  <testcase name="dbDeleteCity" time="2.875" classname="clo.DatabaseSettings"/>
  <testcase name="dbaddEmployer" time="7.287" classname="clo.DatabaseSettings"/>
  <testcase name="dbeditEmployer" time="5.304" classname="clo.DatabaseSettings"/>
  <testcase name="dbDeleteEmployer" time="3.438" classname="clo.DatabaseSettings"/>
  <testcase name="dbaddCareProvider" time="4.702" classname="clo.DatabaseSettings"/>
  <testcase name="dbeditCareProvider" time="3.255" classname="clo.DatabaseSettings"/>
  <testcase name="dbDeleteCareProvider" time="2.572" classname="clo.DatabaseSettings"/>
  <testcase name="dbaddReferrals" time="2.703" classname="clo.DatabaseSettings"/>
  <testcase name="dbeditReferrals" time="2.759" classname="clo.DatabaseSettings"/>
  <testcase name="dbDeleteReferrals" time="4.917" classname="clo.DatabaseSettings"/>
  <testcase name="dbaddDonee" time="3.677" classname="clo.DatabaseSettings"/>
  <testcase name="dbeditDonee" time="3.43" classname="clo.DatabaseSettings"/>
  <testcase name="dbDeleteDonee" time="2.465" classname="clo.DatabaseSettings"/>
  <testcase name="dbaddBankRTN" time="2.045" classname="clo.DatabaseSettings"/>
  <testcase name="dbeditBankRTN" time="2.009" classname="clo.DatabaseSettings"/>
  <testcase name="dbDeleteBankRTN" time="2.414" classname="clo.DatabaseSettings"/>
  <testcase name="dbaddOccupations" time="2.37" classname="clo.DatabaseSettings"/>
  <testcase name="dbeditOccupations" time="2.159" classname="clo.DatabaseSettings"/>
  <testcase name="dbDeleteOccupations" time="2.839" classname="clo.DatabaseSettings"/>
  <testcase name="dbaddEducationalInstitute" time="3.783" classname="clo.DatabaseSettings"/>
  <testcase name="dbeditEducationalInstitute" time="2.305" classname="clo.DatabaseSettings"/>
  <testcase name="dbDeleteEducationalInstitute" time="5.071" classname="clo.DatabaseSettings"/>
  <testcase name="@AfterSuite endReports" time="0.0" classname="resources.Base">
    <ignored/>
  </testcase> <!-- @AfterSuite endReports -->
  <testcase name="@AfterSuite endReports" time="0.0" classname="resources.Base">
    <ignored/>
  </testcase> <!-- @AfterSuite endReports -->
</testsuite> <!-- testinqa1 -->
