<?xml version="1.0" encoding="UTF-8"?>
<testng-results skipped="0" failed="0" ignored="0" total="1" passed="1">
  <reporter-output>
  </reporter-output>
  <suite name="Suite1" duration-ms="58936" started-at="2019-09-09T21:05:23Z" finished-at="2019-09-09T21:06:22Z">
    <groups>
    </groups>
    <test name="testinqa" duration-ms="58936" started-at="2019-09-09T21:05:23Z" finished-at="2019-09-09T21:06:22Z">
      <class name="clo.AddaNewReturn">
        <test-method status="PASS" signature="login(java.lang.String)[pri:0, instance:clo.AddaNewReturn@4f83df68]" name="login" is-config="true" duration-ms="10870" started-at="2019-09-09T21:05:23Z" finished-at="2019-09-09T21:05:34Z">
          <params>
            <param index="0">
              <value>
                <![CDATA[qa]]>
              </value>
            </param>
          </params>
          <reporter-output>
          </reporter-output>
        </test-method> <!-- login -->
        <test-method status="PASS" signature="addaReturn(java.lang.String)[pri:0, instance:clo.AddaNewReturn@4f83df68]" name="addaReturn" duration-ms="48043" started-at="2019-09-09T21:05:34Z" finished-at="2019-09-09T21:06:22Z">
          <params>
            <param index="0">
              <value>
                <![CDATA[qa]]>
              </value>
            </param>
          </params>
          <reporter-output>
          </reporter-output>
        </test-method> <!-- addaReturn -->
        <test-method status="PASS" signature="teardown(java.lang.String)[pri:0, instance:clo.AddaNewReturn@4f83df68]" name="teardown" is-config="true" duration-ms="0" started-at="2019-09-09T21:06:22Z" finished-at="2019-09-09T21:06:22Z">
          <params>
            <param index="0">
              <value>
                <![CDATA[qa]]>
              </value>
            </param>
          </params>
          <reporter-output>
          </reporter-output>
        </test-method> <!-- teardown -->
        <test-method status="PASS" signature="endReports()[pri:0, instance:clo.AddaNewReturn@4f83df68]" name="endReports" is-config="true" duration-ms="641" started-at="2019-09-09T21:06:22Z" finished-at="2019-09-09T21:06:23Z">
          <reporter-output>
          </reporter-output>
        </test-method> <!-- endReports -->
      </class> <!-- clo.AddaNewReturn -->
    </test> <!-- testinqa -->
  </suite> <!-- Suite1 -->
</testng-results>
