<?xml version="1.0" encoding="UTF-8"?>
<testsuite xmlns:xsi="http://www.w3.org/2001/XMLSchema-instance" xsi:noNamespaceSchemaLocation="https://maven.apache.org/surefire/maven-surefire-plugin/xsd/surefire-test-report-3.0.xsd" version="3.0" name="TestSuite" time="53.104" tests="5" errors="0" skipped="3" failures="1">
  <properties>
[...]
</properties>
  <testcase name="addareturn" classname="clo.AddaNewReturn" time="36.507"/>
  <testcase name="scheduleC" classname="clo.AddaNewReturn" time="1.713">
    <failure message="unknown error: Element &lt;button tabindex=&quot;0&quot; class=&quot;jss194 jss902 jss913 jss914 jss916 jss917&quot; type=&quot;button&quot; id=&quot;btnOptionsHeaderBarForms&quot; aria-haspopup=&quot;true&quot; style=&quot;border-radius: 4px; border: 0px; height: 35px; padding: 0px; min-height: 0px; min-width: 0px;&quot;&gt;...&lt;/button&gt; is not clickable at point (1876, 25). Other element would receive the click: &lt;div class=&quot;jss1376&quot; aria-hidden=&quot;true&quot; style=&quot;opacity: 1; will-change: opacity; transition: opacity 225ms cubic-bezier(0.4, 0, 0.2, 1) 0ms;&quot;&gt;&lt;/div&gt;&#10;  (Session info: chrome=75.0.3770.100)&#10;  (Driver info: chromedriver=2.39.562718 (9a2698cba08cf5a471a29d30c8b3e12becabb0e9),platform=Windows NT 6.2.9200 x86_64) (WARNING: The server did not provide any stacktrace information)&#10;Command duration or timeout: 67 milliseconds&#10;Build info: version: &apos;2.53.0&apos;, revision: &apos;35ae25b1534ae328c771e0856c93e187490ca824&apos;, time: &apos;2016-03-15 10:43:46&apos;&#10;System info: host: &apos;qaint&apos;, ip: &apos;89.0.1.156&apos;, os.name: &apos;Windows Server 2012&apos;, os.arch: &apos;amd64&apos;, os.version: &apos;6.2&apos;, java.version: &apos;1.8.0_171&apos;&#10;Driver info: org.openqa.selenium.chrome.ChromeDriver&#10;Capabilities [{applicationCacheEnabled=false, rotatable=false, mobileEmulationEnabled=false, networkConnectionEnabled=false, chrome={chromedriverVersion=2.39.562718 (9a2698cba08cf5a471a29d30c8b3e12becabb0e9), userDataDir=C:\Users\SSREEN~1\AppData\Local\Temp\4\scoped_dir11348_29995}, takesHeapSnapshot=true, pageLoadStrategy=normal, databaseEnabled=false, handlesAlerts=true, hasTouchScreen=false, version=75.0.3770.100, platform=WIN8, browserConnectionEnabled=false, nativeEvents=true, acceptSslCerts=false, acceptInsecureCerts=false, locationContextEnabled=true, webStorageEnabled=true, browserName=chrome, takesScreenshot=true, javascriptEnabled=true, cssSelectorsEnabled=true, setWindowRect=true, unexpectedAlertBehaviour=}]&#10;Session ID: 6b5842751694d46752d4c2d8b5e37613" type="org.openqa.selenium.WebDriverException"><![CDATA[org.openqa.selenium.WebDriverException: 
unknown error: Element <button tabindex="0" class="jss194 jss902 jss913 jss914 jss916 jss917" type="button" id="btnOptionsHeaderBarForms" aria-haspopup="true" style="border-radius: 4px; border: 0px; height: 35px; padding: 0px; min-height: 0px; min-width: 0px;">...</button> is not clickable at point (1876, 25). Other element would receive the click: <div class="jss1376" aria-hidden="true" style="opacity: 1; will-change: opacity; transition: opacity 225ms cubic-bezier(0.4, 0, 0.2, 1) 0ms;"></div>
  (Session info: chrome=75.0.3770.100)
  (Driver info: chromedriver=2.39.562718 (9a2698cba08cf5a471a29d30c8b3e12becabb0e9),platform=Windows NT 6.2.9200 x86_64) (WARNING: The server did not provide any stacktrace information)
Command duration or timeout: 67 milliseconds
Build info: version: '2.53.0', revision: '35ae25b1534ae328c771e0856c93e187490ca824', time: '2016-03-15 10:43:46'
System info: host: 'qaint', ip: '89.0.1.156', os.name: 'Windows Server 2012', os.arch: 'amd64', os.version: '6.2', java.version: '1.8.0_171'
Driver info: org.openqa.selenium.chrome.ChromeDriver
Capabilities [{applicationCacheEnabled=false, rotatable=false, mobileEmulationEnabled=false, networkConnectionEnabled=false, chrome={chromedriverVersion=2.39.562718 (9a2698cba08cf5a471a29d30c8b3e12becabb0e9), userDataDir=C:\Users\SSREEN~1\AppData\Local\Temp\4\scoped_dir11348_29995}, takesHeapSnapshot=true, pageLoadStrategy=normal, databaseEnabled=false, handlesAlerts=true, hasTouchScreen=false, version=75.0.3770.100, platform=WIN8, browserConnectionEnabled=false, nativeEvents=true, acceptSslCerts=false, acceptInsecureCerts=false, locationContextEnabled=true, webStorageEnabled=true, browserName=chrome, takesScreenshot=true, javascriptEnabled=true, cssSelectorsEnabled=true, setWindowRect=true, unexpectedAlertBehaviour=}]
Session ID: 6b5842751694d46752d4c2d8b5e37613
	at clo.AddaNewReturn.scheduleC(AddaNewReturn.java:333)
]]></failure>
    <system-out><![CDATA[SCHEDULE C
[ERROR] 2019-07-15 13:05:02.080 [TestNG-tests-1] AddaNewReturn - Error in SCH C org.openqa.selenium.WebDriverException: unknown error: Element <button tabindex="0" class="jss194 jss902 jss904 jss905 jss907 jss908 jss925" type="button" id="btnAddFormSidebar" style="width: 200px;">...</button> is not clickable at point (200, 721). Other element would receive the click: <div class="jss1376" aria-hidden="true" style="opacity: 1; will-change: opacity; transition: opacity 225ms cubic-bezier(0.4, 0, 0.2, 1) 0ms;"></div>
  (Session info: chrome=75.0.3770.100)
  (Driver info: chromedriver=2.39.562718 (9a2698cba08cf5a471a29d30c8b3e12becabb0e9),platform=Windows NT 6.2.9200 x86_64) (WARNING: The server did not provide any stacktrace information)
Command duration or timeout: 48 milliseconds
Build info: version: '2.53.0', revision: '35ae25b1534ae328c771e0856c93e187490ca824', time: '2016-03-15 10:43:46'
System info: host: 'qaint', ip: '89.0.1.156', os.name: 'Windows Server 2012', os.arch: 'amd64', os.version: '6.2', java.version: '1.8.0_171'
Driver info: org.openqa.selenium.chrome.ChromeDriver
Capabilities [{applicationCacheEnabled=false, rotatable=false, mobileEmulationEnabled=false, networkConnectionEnabled=false, chrome={chromedriverVersion=2.39.562718 (9a2698cba08cf5a471a29d30c8b3e12becabb0e9), userDataDir=C:\Users\SSREEN~1\AppData\Local\Temp\4\scoped_dir11348_29995}, takesHeapSnapshot=true, pageLoadStrategy=normal, databaseEnabled=false, handlesAlerts=true, hasTouchScreen=false, version=75.0.3770.100, platform=WIN8, browserConnectionEnabled=false, nativeEvents=true, acceptSslCerts=false, acceptInsecureCerts=false, locationContextEnabled=true, webStorageEnabled=true, browserName=chrome, takesScreenshot=true, javascriptEnabled=true, cssSelectorsEnabled=true, setWindowRect=true, unexpectedAlertBehaviour=}]
Session ID: 6b5842751694d46752d4c2d8b5e37613
]]></system-out>
  </testcase>
  <testcase name="scheduleE" classname="clo.AddaNewReturn" time="0">
    <skipped message="Method AddaNewReturn.scheduleE()[pri:3, instance:clo.AddaNewReturn@6069db50] depends on not successfully finished methods"/>
  </testcase>
  <testcase name="frm1099_MISC" classname="clo.AddaNewReturn" time="0">
    <skipped message="Method AddaNewReturn.frm1099_MISC()[pri:4, instance:clo.AddaNewReturn@6069db50] depends on not successfully finished methods"/>
  </testcase>
  <testcase name="printTaxReturn" classname="clo.AddaNewReturn" time="0">
    <skipped message="Method AddaNewReturn.printTaxReturn()[pri:5, instance:clo.AddaNewReturn@6069db50] depends on not successfully finished methods"/>
  </testcase>
</testsuite>